2022-05-24 09:20:03.230  INFO 5743 --- [main] c.e.e.EmployeeServiceApplication         : Starting EmployeeServiceApplication using Java 17.0.2 on n00st-VivoBook-ASUSLaptop-X513UA-M513UA with PID 5743 (/home/n00st/IdeaProjects/EmployeeService/target/classes started by n00st in /home/n00st/IdeaProjects/EmployeeService)
2022-05-24 09:20:03.242  INFO 5743 --- [main] c.e.e.EmployeeServiceApplication         : No active profile set, falling back to 1 default profile: "default"
2022-05-24 09:20:05.454  INFO 5743 --- [main] .s.d.r.c.RepositoryConfigurationDelegate : Bootstrapping Spring Data JPA repositories in DEFAULT mode.
2022-05-24 09:20:05.919  INFO 5743 --- [main] .s.d.r.c.RepositoryConfigurationDelegate : Finished Spring Data repository scanning in 405 ms. Found 3 JPA repository interfaces.
2022-05-24 09:20:09.039  INFO 5743 --- [main] o.s.b.w.embedded.tomcat.TomcatWebServer  : Tomcat initialized with port(s): 8084 (http)
2022-05-24 09:20:09.048  INFO 5743 --- [main] o.apache.catalina.core.StandardService   : Starting service [Tomcat]
2022-05-24 09:20:09.049  INFO 5743 --- [main] org.apache.catalina.core.StandardEngine  : Starting Servlet engine: [Apache Tomcat/9.0.62]
2022-05-24 09:20:09.117  INFO 5743 --- [main] o.a.c.c.C.[Tomcat].[localhost].[/]       : Initializing Spring embedded WebApplicationContext
2022-05-24 09:20:09.118  INFO 5743 --- [main] w.s.c.ServletWebServerApplicationContext : Root WebApplicationContext: initialization completed in 5807 ms
2022-05-24 09:20:09.287  INFO 5743 --- [main] o.hibernate.jpa.internal.util.LogHelper  : HHH000204: Processing PersistenceUnitInfo [name: default]
2022-05-24 09:20:09.316  INFO 5743 --- [main] org.hibernate.Version                    : HHH000412: Hibernate ORM core version 5.6.8.Final
2022-05-24 09:20:09.392  INFO 5743 --- [main] o.hibernate.annotations.common.Version   : HCANN000001: Hibernate Commons Annotations {5.1.2.Final}
2022-05-24 09:20:09.441  INFO 5743 --- [main] com.zaxxer.hikari.HikariDataSource       : HikariPool-1 - Starting...
2022-05-24 09:20:09.648  INFO 5743 --- [main] com.zaxxer.hikari.HikariDataSource       : HikariPool-1 - Start completed.
2022-05-24 09:20:09.660  INFO 5743 --- [main] org.hibernate.dialect.Dialect            : HHH000400: Using dialect: org.hibernate.dialect.PostgreSQLDialect
2022-05-24 09:20:10.203  INFO 5743 --- [main] o.h.e.t.j.p.i.JtaPlatformInitiator       : HHH000490: Using JtaPlatform implementation: [org.hibernate.engine.transaction.jta.platform.internal.NoJtaPlatform]
2022-05-24 09:20:10.209  INFO 5743 --- [main] j.LocalContainerEntityManagerFactoryBean : Initialized JPA EntityManagerFactory for persistence unit 'default'
2022-05-24 09:20:10.597  WARN 5743 --- [main] JpaBaseConfiguration$JpaWebConfiguration : spring.jpa.open-in-view is enabled by default. Therefore, database queries may be performed during view rendering. Explicitly configure spring.jpa.open-in-view to disable this warning
2022-05-24 09:20:10.732  INFO 5743 --- [main] o.s.s.web.DefaultSecurityFilterChain     : Will secure any request with [org.springframework.security.web.context.request.async.WebAsyncManagerIntegrationFilter@4bceac99, org.springframework.security.web.context.SecurityContextPersistenceFilter@65b680b4, org.springframework.security.web.header.HeaderWriterFilter@2c465259, org.springframework.web.filter.CorsFilter@389bc2d3, org.springframework.security.web.authentication.logout.LogoutFilter@83e5898, com.example.employeeservice.configs.securityFilters.AuthenticationHandlerFilter@442310fd, com.example.employeeservice.configs.securityFilters.AuthenticationFilter@23263ba, org.springframework.security.web.savedrequest.RequestCacheAwareFilter@5c316230, org.springframework.security.web.servletapi.SecurityContextHolderAwareRequestFilter@91a1005, org.springframework.security.web.authentication.AnonymousAuthenticationFilter@3ca6bd01, org.springframework.security.web.session.SessionManagementFilter@62c6db99, org.springframework.security.web.access.ExceptionTranslationFilter@6ed7b9c5, org.springframework.security.web.access.intercept.FilterSecurityInterceptor@ae74eef]
2022-05-24 09:20:11.155  INFO 5743 --- [main] o.s.b.w.embedded.tomcat.TomcatWebServer  : Tomcat started on port(s): 8084 (http) with context path ''
2022-05-24 09:20:11.164  INFO 5743 --- [main] c.e.e.EmployeeServiceApplication         : Started EmployeeServiceApplication in 8.372 seconds (JVM running for 8.92)
2022-05-24 09:20:40.296  INFO 5743 --- [http-nio-8084-exec-1] o.a.c.c.C.[Tomcat].[localhost].[/]       : Initializing Spring DispatcherServlet 'dispatcherServlet'
2022-05-24 09:20:40.296  INFO 5743 --- [http-nio-8084-exec-1] o.s.web.servlet.DispatcherServlet        : Initializing Servlet 'dispatcherServlet'
2022-05-24 09:20:40.299  INFO 5743 --- [http-nio-8084-exec-1] o.s.web.servlet.DispatcherServlet        : Completed initialization in 3 ms
2022-05-24 09:27:44.268  INFO 5743 --- [SpringApplicationShutdownHook] j.LocalContainerEntityManagerFactoryBean : Closing JPA EntityManagerFactory for persistence unit 'default'
2022-05-24 09:27:44.270  INFO 5743 --- [SpringApplicationShutdownHook] com.zaxxer.hikari.HikariDataSource       : HikariPool-1 - Shutdown initiated...
2022-05-24 09:27:44.282  INFO 5743 --- [SpringApplicationShutdownHook] com.zaxxer.hikari.HikariDataSource       : HikariPool-1 - Shutdown completed.
2022-05-24 09:56:44.794  INFO 4429 --- [main] c.e.e.EmployeeServiceApplication         : Starting EmployeeServiceApplication using Java 17.0.2 on n00st-VivoBook-ASUSLaptop-X513UA-M513UA with PID 4429 (/home/n00st/IdeaProjects/EmployeeService/target/classes started by n00st in /home/n00st/IdeaProjects/EmployeeService)
2022-05-24 09:56:44.796  INFO 4429 --- [main] c.e.e.EmployeeServiceApplication         : No active profile set, falling back to 1 default profile: "default"
2022-05-24 09:56:45.278  INFO 4429 --- [main] .s.d.r.c.RepositoryConfigurationDelegate : Bootstrapping Spring Data JPA repositories in DEFAULT mode.
2022-05-24 09:56:45.315  INFO 4429 --- [main] .s.d.r.c.RepositoryConfigurationDelegate : Finished Spring Data repository scanning in 32 ms. Found 3 JPA repository interfaces.
2022-05-24 09:56:45.683  INFO 4429 --- [main] o.s.b.w.embedded.tomcat.TomcatWebServer  : Tomcat initialized with port(s): 8084 (http)
2022-05-24 09:56:45.689  INFO 4429 --- [main] o.apache.catalina.core.StandardService   : Starting service [Tomcat]
2022-05-24 09:56:45.689  INFO 4429 --- [main] org.apache.catalina.core.StandardEngine  : Starting Servlet engine: [Apache Tomcat/9.0.62]
2022-05-24 09:56:45.747  INFO 4429 --- [main] o.a.c.c.C.[Tomcat].[localhost].[/]       : Initializing Spring embedded WebApplicationContext
2022-05-24 09:56:45.747  INFO 4429 --- [main] w.s.c.ServletWebServerApplicationContext : Root WebApplicationContext: initialization completed in 910 ms
2022-05-24 09:56:45.877  INFO 4429 --- [main] o.hibernate.jpa.internal.util.LogHelper  : HHH000204: Processing PersistenceUnitInfo [name: default]
2022-05-24 09:56:45.901  INFO 4429 --- [main] org.hibernate.Version                    : HHH000412: Hibernate ORM core version 5.6.8.Final
2022-05-24 09:56:45.961  INFO 4429 --- [main] o.hibernate.annotations.common.Version   : HCANN000001: Hibernate Commons Annotations {5.1.2.Final}
2022-05-24 09:56:46.004  INFO 4429 --- [main] com.zaxxer.hikari.HikariDataSource       : HikariPool-1 - Starting...
2022-05-24 09:56:46.170  INFO 4429 --- [main] com.zaxxer.hikari.HikariDataSource       : HikariPool-1 - Start completed.
2022-05-24 09:56:46.182  INFO 4429 --- [main] org.hibernate.dialect.Dialect            : HHH000400: Using dialect: org.hibernate.dialect.PostgreSQLDialect
2022-05-24 09:56:46.595  INFO 4429 --- [main] o.h.e.t.j.p.i.JtaPlatformInitiator       : HHH000490: Using JtaPlatform implementation: [org.hibernate.engine.transaction.jta.platform.internal.NoJtaPlatform]
2022-05-24 09:56:46.601  INFO 4429 --- [main] j.LocalContainerEntityManagerFactoryBean : Initialized JPA EntityManagerFactory for persistence unit 'default'
2022-05-24 09:56:46.909  WARN 4429 --- [main] JpaBaseConfiguration$JpaWebConfiguration : spring.jpa.open-in-view is enabled by default. Therefore, database queries may be performed during view rendering. Explicitly configure spring.jpa.open-in-view to disable this warning
2022-05-24 09:56:47.011  INFO 4429 --- [main] o.s.s.web.DefaultSecurityFilterChain     : Will secure any request with [org.springframework.security.web.context.request.async.WebAsyncManagerIntegrationFilter@1dadd172, org.springframework.security.web.context.SecurityContextPersistenceFilter@52f7fa65, org.springframework.security.web.header.HeaderWriterFilter@105dc246, org.springframework.web.filter.CorsFilter@33c9f1ac, org.springframework.security.web.authentication.logout.LogoutFilter@2954c429, com.example.employeeservice.configs.securityFilters.AuthenticationHandlerFilter@4070c4ff, com.example.employeeservice.configs.securityFilters.AuthenticationFilter@4bceac99, org.springframework.security.web.savedrequest.RequestCacheAwareFilter@7bfcc108, org.springframework.security.web.servletapi.SecurityContextHolderAwareRequestFilter@3494a35e, org.springframework.security.web.authentication.AnonymousAuthenticationFilter@389bc2d3, org.springframework.security.web.session.SessionManagementFilter@7f8cd5fc, org.springframework.security.web.access.ExceptionTranslationFilter@6c225adb, org.springframework.security.web.access.intercept.FilterSecurityInterceptor@491cc0eb]
2022-05-24 09:56:47.314  INFO 4429 --- [main] o.s.b.w.embedded.tomcat.TomcatWebServer  : Tomcat started on port(s): 8084 (http) with context path ''
2022-05-24 09:56:47.323  INFO 4429 --- [main] c.e.e.EmployeeServiceApplication         : Started EmployeeServiceApplication in 2.84 seconds (JVM running for 3.273)
2022-05-24 10:10:07.377  INFO 4429 --- [SpringApplicationShutdownHook] j.LocalContainerEntityManagerFactoryBean : Closing JPA EntityManagerFactory for persistence unit 'default'
2022-05-24 10:10:07.381  INFO 4429 --- [SpringApplicationShutdownHook] com.zaxxer.hikari.HikariDataSource       : HikariPool-1 - Shutdown initiated...
2022-05-24 10:10:07.391  INFO 4429 --- [SpringApplicationShutdownHook] com.zaxxer.hikari.HikariDataSource       : HikariPool-1 - Shutdown completed.
2022-05-24 12:09:32.340  INFO 5379 --- [main] c.e.e.EmployeeServiceApplication         : Starting EmployeeServiceApplication using Java 17.0.2 on n00st-VivoBook-ASUSLaptop-X513UA-M513UA with PID 5379 (/home/n00st/IdeaProjects/EmployeeService/target/classes started by n00st in /home/n00st/IdeaProjects/EmployeeService)
2022-05-24 12:09:32.343  INFO 5379 --- [main] c.e.e.EmployeeServiceApplication         : No active profile set, falling back to 1 default profile: "default"
2022-05-24 12:09:33.187  INFO 5379 --- [main] .s.d.r.c.RepositoryConfigurationDelegate : Bootstrapping Spring Data JPA repositories in DEFAULT mode.
2022-05-24 12:09:33.258  INFO 5379 --- [main] .s.d.r.c.RepositoryConfigurationDelegate : Finished Spring Data repository scanning in 61 ms. Found 3 JPA repository interfaces.
2022-05-24 12:09:36.757  INFO 5379 --- [main] o.s.b.w.embedded.tomcat.TomcatWebServer  : Tomcat initialized with port(s): 8084 (http)
2022-05-24 12:09:36.812  INFO 5379 --- [main] o.apache.catalina.core.StandardService   : Starting service [Tomcat]
2022-05-24 12:09:36.816  INFO 5379 --- [main] org.apache.catalina.core.StandardEngine  : Starting Servlet engine: [Apache Tomcat/9.0.62]
2022-05-24 12:09:37.448  INFO 5379 --- [main] o.a.c.c.C.[Tomcat].[localhost].[/]       : Initializing Spring embedded WebApplicationContext
2022-05-24 12:09:37.450  INFO 5379 --- [main] w.s.c.ServletWebServerApplicationContext : Root WebApplicationContext: initialization completed in 4982 ms
2022-05-24 12:09:38.406  INFO 5379 --- [main] o.hibernate.jpa.internal.util.LogHelper  : HHH000204: Processing PersistenceUnitInfo [name: default]
2022-05-24 12:09:38.440  INFO 5379 --- [main] org.hibernate.Version                    : HHH000412: Hibernate ORM core version 5.6.8.Final
2022-05-24 12:09:38.547  INFO 5379 --- [main] o.hibernate.annotations.common.Version   : HCANN000001: Hibernate Commons Annotations {5.1.2.Final}
2022-05-24 12:09:38.613  INFO 5379 --- [main] com.zaxxer.hikari.HikariDataSource       : HikariPool-1 - Starting...
2022-05-24 12:09:38.834  INFO 5379 --- [main] com.zaxxer.hikari.HikariDataSource       : HikariPool-1 - Start completed.
2022-05-24 12:09:38.847  INFO 5379 --- [main] org.hibernate.dialect.Dialect            : HHH000400: Using dialect: org.hibernate.dialect.PostgreSQLDialect
2022-05-24 12:09:39.585  INFO 5379 --- [main] o.h.e.t.j.p.i.JtaPlatformInitiator       : HHH000490: Using JtaPlatform implementation: [org.hibernate.engine.transaction.jta.platform.internal.NoJtaPlatform]
2022-05-24 12:09:39.592  INFO 5379 --- [main] j.LocalContainerEntityManagerFactoryBean : Initialized JPA EntityManagerFactory for persistence unit 'default'
2022-05-24 12:09:40.029  WARN 5379 --- [main] JpaBaseConfiguration$JpaWebConfiguration : spring.jpa.open-in-view is enabled by default. Therefore, database queries may be performed during view rendering. Explicitly configure spring.jpa.open-in-view to disable this warning
2022-05-24 12:09:40.161  INFO 5379 --- [main] o.s.s.web.DefaultSecurityFilterChain     : Will secure any request with [org.springframework.security.web.context.request.async.WebAsyncManagerIntegrationFilter@ae74eef, org.springframework.security.web.context.SecurityContextPersistenceFilter@2f4545c6, org.springframework.security.web.header.HeaderWriterFilter@5e2718b3, org.springframework.web.filter.CorsFilter@2553dcc0, org.springframework.security.web.authentication.logout.LogoutFilter@76d0a290, com.example.employeeservice.configs.securityFilters.AuthenticationHandlerFilter@2e91cf69, com.example.employeeservice.configs.securityFilters.AuthenticationFilter@746e534, org.springframework.security.web.savedrequest.RequestCacheAwareFilter@2cd52eda, org.springframework.security.web.servletapi.SecurityContextHolderAwareRequestFilter@7f8cd5fc, org.springframework.security.web.authentication.AnonymousAuthenticationFilter@37665305, org.springframework.security.web.session.SessionManagementFilter@5977bdea, org.springframework.security.web.access.ExceptionTranslationFilter@13cc31df, org.springframework.security.web.access.intercept.FilterSecurityInterceptor@229514ff]
2022-05-24 12:09:42.310  INFO 5379 --- [main] o.s.b.w.embedded.tomcat.TomcatWebServer  : Tomcat started on port(s): 8084 (http) with context path ''
2022-05-24 12:09:42.404  INFO 5379 --- [main] c.e.e.EmployeeServiceApplication         : Started EmployeeServiceApplication in 10.698 seconds (JVM running for 11.406)
2022-05-24 12:31:52.986  INFO 5379 --- [SpringApplicationShutdownHook] j.LocalContainerEntityManagerFactoryBean : Closing JPA EntityManagerFactory for persistence unit 'default'
2022-05-24 12:31:52.988  INFO 5379 --- [SpringApplicationShutdownHook] com.zaxxer.hikari.HikariDataSource       : HikariPool-1 - Shutdown initiated...
2022-05-24 12:31:52.997  INFO 5379 --- [SpringApplicationShutdownHook] com.zaxxer.hikari.HikariDataSource       : HikariPool-1 - Shutdown completed.
2022-05-24 13:01:47.798  INFO 4067 --- [main] c.e.e.EmployeeServiceApplication         : Starting EmployeeServiceApplication using Java 17.0.2 on n00st-VivoBook-ASUSLaptop-X513UA-M513UA with PID 4067 (/home/n00st/IdeaProjects/EmployeeService/target/classes started by n00st in /home/n00st/IdeaProjects/EmployeeService)
2022-05-24 13:01:47.800  INFO 4067 --- [main] c.e.e.EmployeeServiceApplication         : No active profile set, falling back to 1 default profile: "default"
2022-05-24 13:01:51.684  INFO 4067 --- [main] .s.d.r.c.RepositoryConfigurationDelegate : Bootstrapping Spring Data JPA repositories in DEFAULT mode.
2022-05-24 13:01:52.228  INFO 4067 --- [main] .s.d.r.c.RepositoryConfigurationDelegate : Finished Spring Data repository scanning in 485 ms. Found 3 JPA repository interfaces.
2022-05-24 13:01:53.793  INFO 4067 --- [main] o.s.b.w.embedded.tomcat.TomcatWebServer  : Tomcat initialized with port(s): 8084 (http)
2022-05-24 13:01:53.802  INFO 4067 --- [main] o.apache.catalina.core.StandardService   : Starting service [Tomcat]
2022-05-24 13:01:53.803  INFO 4067 --- [main] org.apache.catalina.core.StandardEngine  : Starting Servlet engine: [Apache Tomcat/9.0.62]
2022-05-24 13:01:53.891  INFO 4067 --- [main] o.a.c.c.C.[Tomcat].[localhost].[/]       : Initializing Spring embedded WebApplicationContext
2022-05-24 13:01:53.891  INFO 4067 --- [main] w.s.c.ServletWebServerApplicationContext : Root WebApplicationContext: initialization completed in 5982 ms
2022-05-24 13:01:54.142  INFO 4067 --- [main] o.hibernate.jpa.internal.util.LogHelper  : HHH000204: Processing PersistenceUnitInfo [name: default]
2022-05-24 13:01:54.193  INFO 4067 --- [main] org.hibernate.Version                    : HHH000412: Hibernate ORM core version 5.6.8.Final
2022-05-24 13:01:54.293  INFO 4067 --- [main] o.hibernate.annotations.common.Version   : HCANN000001: Hibernate Commons Annotations {5.1.2.Final}
2022-05-24 13:01:54.363  INFO 4067 --- [main] com.zaxxer.hikari.HikariDataSource       : HikariPool-1 - Starting...
2022-05-24 13:01:54.650  INFO 4067 --- [main] com.zaxxer.hikari.HikariDataSource       : HikariPool-1 - Start completed.
2022-05-24 13:01:54.663  INFO 4067 --- [main] org.hibernate.dialect.Dialect            : HHH000400: Using dialect: org.hibernate.dialect.PostgreSQLDialect
2022-05-24 13:01:56.534  INFO 4067 --- [main] o.h.e.t.j.p.i.JtaPlatformInitiator       : HHH000490: Using JtaPlatform implementation: [org.hibernate.engine.transaction.jta.platform.internal.NoJtaPlatform]
2022-05-24 13:01:56.591  INFO 4067 --- [main] j.LocalContainerEntityManagerFactoryBean : Initialized JPA EntityManagerFactory for persistence unit 'default'
2022-05-24 13:02:00.163  WARN 4067 --- [main] JpaBaseConfiguration$JpaWebConfiguration : spring.jpa.open-in-view is enabled by default. Therefore, database queries may be performed during view rendering. Explicitly configure spring.jpa.open-in-view to disable this warning
2022-05-24 13:02:00.381  INFO 4067 --- [main] o.s.s.web.DefaultSecurityFilterChain     : Will secure any request with [org.springframework.security.web.context.request.async.WebAsyncManagerIntegrationFilter@c683cf5, org.springframework.security.web.context.SecurityContextPersistenceFilter@6b71e98f, org.springframework.security.web.header.HeaderWriterFilter@482942d8, org.springframework.web.filter.CorsFilter@2c224096, org.springframework.security.web.authentication.logout.LogoutFilter@2157889c, com.example.employeeservice.configs.securityFilters.AuthenticationHandlerFilter@1cfd6f63, com.example.employeeservice.configs.securityFilters.AuthenticationFilter@1906f982, org.springframework.security.web.savedrequest.RequestCacheAwareFilter@105dc246, org.springframework.security.web.servletapi.SecurityContextHolderAwareRequestFilter@65b680b4, org.springframework.security.web.authentication.AnonymousAuthenticationFilter@5444f1c3, org.springframework.security.web.session.SessionManagementFilter@6c225adb, org.springframework.security.web.access.ExceptionTranslationFilter@440461ef, org.springframework.security.web.access.intercept.FilterSecurityInterceptor@50e6ee24]
2022-05-24 13:02:00.869  INFO 4067 --- [main] o.s.b.w.embedded.tomcat.TomcatWebServer  : Tomcat started on port(s): 8084 (http) with context path ''
2022-05-24 13:02:00.879  INFO 4067 --- [main] c.e.e.EmployeeServiceApplication         : Started EmployeeServiceApplication in 13.588 seconds (JVM running for 14.327)
2022-05-24 13:32:41.891  INFO 4067 --- [http-nio-8084-exec-1] o.a.c.c.C.[Tomcat].[localhost].[/]       : Initializing Spring DispatcherServlet 'dispatcherServlet'
2022-05-24 13:32:41.892  INFO 4067 --- [http-nio-8084-exec-1] o.s.web.servlet.DispatcherServlet        : Initializing Servlet 'dispatcherServlet'
2022-05-24 13:32:41.893  INFO 4067 --- [http-nio-8084-exec-1] o.s.web.servlet.DispatcherServlet        : Completed initialization in 1 ms
2022-05-24 13:36:12.957  INFO 4067 --- [SpringApplicationShutdownHook] j.LocalContainerEntityManagerFactoryBean : Closing JPA EntityManagerFactory for persistence unit 'default'
2022-05-24 13:36:12.958  INFO 4067 --- [SpringApplicationShutdownHook] com.zaxxer.hikari.HikariDataSource       : HikariPool-1 - Shutdown initiated...
2022-05-24 13:36:12.964  INFO 4067 --- [SpringApplicationShutdownHook] com.zaxxer.hikari.HikariDataSource       : HikariPool-1 - Shutdown completed.
